<?xml version="1.0" encoding="UTF-8"?>
<testng-results ignored="2" total="9" passed="1" failed="6" skipped="0">
  <reporter-output>
  </reporter-output>
  <suite started-at="2022-10-17T14:35:13 IST" name="Suite" finished-at="2022-10-17T14:36:24 IST" duration-ms="70636">
    <groups>
    </groups>
    <test started-at="2022-10-17T14:35:13 IST" name="Test" finished-at="2022-10-17T14:35:23 IST" duration-ms="9549">
      <class name="mobile.order">
        <test-method is-config="true" signature="browserSelection(java.lang.String)[pri:0, instance:mobile.order@50eac852]" started-at="2022-10-17T14:35:13 IST" name="browserSelection" finished-at="2022-10-17T14:35:18 IST" duration-ms="4422" status="PASS">
          <params>
            <param index="0">
              <value>
                <![CDATA[chrome]]>
              </value>
            </param>
          </params>
          <reporter-output>
          </reporter-output>
        </test-method> <!-- browserSelection -->
        <test-method signature="odr(java.lang.String,java.lang.String,java.lang.String,java.lang.String,java.lang.String,java.lang.String,java.lang.String,java.lang.String,java.lang.String,java.lang.String,java.lang.String)[pri:0, instance:mobile.order@50eac852]" started-at="2022-10-17T14:35:18 IST" name="odr" data-provider="order1" finished-at="2022-10-17T14:35:23 IST" duration-ms="5068" status="PASS">
          <params>
            <param index="0">
              <value>
                <![CDATA[Garath]]>
              </value>
            </param>
            <param index="1">
              <value>
                <![CDATA[Bale]]>
              </value>
            </param>
            <param index="2">
              <value>
                <![CDATA[bale007@gmail.com]]>
              </value>
            </param>
            <param index="3">
              <value>
                <![CDATA[rrr000@]]>
              </value>
            </param>
            <param index="4">
              <value>
                <![CDATA[7777777777]]>
              </value>
            </param>
            <param index="5">
              <value>
                <![CDATA[VV HOUSE]]>
              </value>
            </param>
            <param index="6">
              <value>
                <![CDATA[Vazhunoradi]]>
              </value>
            </param>
            <param index="7">
              <value>
                <![CDATA[Kanhangad]]>
              </value>
            </param>
            <param index="8">
              <value>
                <![CDATA[671314]]>
              </value>
            </param>
            <param index="9">
              <value>
                <![CDATA[2]]>
              </value>
            </param>
            <param index="10">
              <value>
                <![CDATA[5]]>
              </value>
            </param>
          </params>
          <reporter-output>
          </reporter-output>
        </test-method> <!-- odr -->
      </class> <!-- mobile.order -->
    </test> <!-- Test -->
    <test started-at="2022-10-17T14:35:23 IST" name="Test1" finished-at="2022-10-17T14:36:24 IST" duration-ms="61043">
      <class name="mobile.order">
        <test-method is-config="true" signature="browserSelection(java.lang.String)[pri:0, instance:mobile.order@478190fc]" started-at="2022-10-17T14:35:23 IST" name="browserSelection" finished-at="2022-10-17T14:35:27 IST" duration-ms="4185" status="PASS">
          <params>
            <param index="0">
              <value>
                <![CDATA[edge]]>
              </value>
            </param>
          </params>
          <reporter-output>
          </reporter-output>
        </test-method> <!-- browserSelection -->
        <test-method signature="odr2(java.lang.String,java.lang.String,java.lang.String,java.lang.String,java.lang.String,java.lang.String,java.lang.String,java.lang.String,java.lang.String,java.lang.String,java.lang.String)[pri:0, instance:mobile.order@478190fc]" started-at="2022-10-17T14:35:27 IST" name="odr2" data-provider="order2" finished-at="2022-10-17T14:35:32 IST" duration-ms="4438" status="FAIL">
          <params>
            <param index="0">
              <value>
                <![CDATA[G]]>
              </value>
            </param>
            <param index="1">
              <value>
                <![CDATA[Ba]]>
              </value>
            </param>
            <param index="2">
              <value>
                <![CDATA[bale00gmail.com]]>
              </value>
            </param>
            <param index="3">
              <value>
                <![CDATA[rrr1234@]]>
              </value>
            </param>
            <param index="4">
              <value>
                <![CDATA[9876543215464]]>
              </value>
            </param>
            <param index="5">
              <value>
                <![CDATA[vv]]>
              </value>
            </param>
            <param index="6">
              <value>
                <![CDATA[rr]]>
              </value>
            </param>
            <param index="7">
              <value>
                <![CDATA[pp]]>
              </value>
            </param>
            <param index="8">
              <value>
                <![CDATA[1989]]>
              </value>
            </param>
            <param index="9">
              <value>
                <![CDATA[-3]]>
              </value>
            </param>
            <param index="10">
              <value>
                <![CDATA[-5]]>
              </value>
            </param>
          </params>
          <exception class="java.lang.AssertionError">
            <message>
              <![CDATA[expected [https://mobileworld.banyanpro.com/order.html] but found [https://mobileworld.banyanpro.com/index.html]]]>
            </message>
            <full-stacktrace>
              <![CDATA[java.lang.AssertionError: expected [https://mobileworld.banyanpro.com/order.html] but found [https://mobileworld.banyanpro.com/index.html]
at org.testng.Assert.fail(Assert.java:99)
at org.testng.Assert.failNotEquals(Assert.java:1037)
at org.testng.Assert.assertEqualsImpl(Assert.java:140)
at org.testng.Assert.assertEquals(Assert.java:122)
at org.testng.Assert.assertEquals(Assert.java:629)
at org.testng.Assert.assertEquals(Assert.java:639)
at mobile.order.odr2(order.java:52)
at java.base/jdk.internal.reflect.DirectMethodHandleAccessor.invoke(DirectMethodHandleAccessor.java:104)
at java.base/java.lang.reflect.Method.invoke(Method.java:577)
at org.testng.internal.MethodInvocationHelper.invokeMethod(MethodInvocationHelper.java:133)
at org.testng.internal.TestInvoker.invokeMethod(TestInvoker.java:598)
at org.testng.internal.TestInvoker.invokeTestMethod(TestInvoker.java:173)
at org.testng.internal.MethodRunner.runInSequence(MethodRunner.java:46)
at org.testng.internal.TestInvoker$MethodInvocationAgent.invoke(TestInvoker.java:824)
at org.testng.internal.TestInvoker.invokeTestMethods(TestInvoker.java:146)
at org.testng.internal.TestMethodWorker.invokeTestMethods(TestMethodWorker.java:146)
at org.testng.internal.TestMethodWorker.run(TestMethodWorker.java:128)
at java.base/java.util.ArrayList.forEach(ArrayList.java:1511)
at org.testng.TestRunner.privateRun(TestRunner.java:794)
at org.testng.TestRunner.run(TestRunner.java:596)
at org.testng.SuiteRunner.runTest(SuiteRunner.java:377)
at org.testng.SuiteRunner.runSequentially(SuiteRunner.java:371)
at org.testng.SuiteRunner.privateRun(SuiteRunner.java:332)
at org.testng.SuiteRunner.run(SuiteRunner.java:276)
at org.testng.SuiteRunnerWorker.runSuite(SuiteRunnerWorker.java:53)
at org.testng.SuiteRunnerWorker.run(SuiteRunnerWorker.java:96)
at org.testng.TestNG.runSuitesSequentially(TestNG.java:1212)
at org.testng.TestNG.runSuitesLocally(TestNG.java:1134)
at org.testng.TestNG.runSuites(TestNG.java:1063)
at org.testng.TestNG.run(TestNG.java:1031)
at org.testng.remote.AbstractRemoteTestNG.run(AbstractRemoteTestNG.java:115)
at org.testng.remote.RemoteTestNG.initAndRun(RemoteTestNG.java:251)
at org.testng.remote.RemoteTestNG.main(RemoteTestNG.java:77)
]]>
            </full-stacktrace>
          </exception> <!-- java.lang.AssertionError -->
          <reporter-output>
          </reporter-output>
        </test-method> <!-- odr2 -->
        <test-method is-config="true" signature="browserSelection(java.lang.String)[pri:0, instance:mobile.order@478190fc]" started-at="2022-10-17T14:35:32 IST" name="browserSelection" finished-at="2022-10-17T14:35:36 IST" duration-ms="4394" status="PASS">
          <params>
            <param index="0">
              <value>
                <![CDATA[edge]]>
              </value>
            </param>
          </params>
          <reporter-output>
          </reporter-output>
        </test-method> <!-- browserSelection -->
        <test-method signature="odr2(java.lang.String,java.lang.String,java.lang.String,java.lang.String,java.lang.String,java.lang.String,java.lang.String,java.lang.String,java.lang.String,java.lang.String,java.lang.String)[pri:0, instance:mobile.order@478190fc]" started-at="2022-10-17T14:35:36 IST" name="odr2" data-provider="order2" finished-at="2022-10-17T14:35:41 IST" duration-ms="4624" status="FAIL">
          <params>
            <param index="0">
              <value>
                <![CDATA[]]>
              </value>
            </param>
            <param index="1">
              <value>
                <![CDATA[]]>
              </value>
            </param>
            <param index="2">
              <value>
                <![CDATA[]]>
              </value>
            </param>
            <param index="3">
              <value>
                <![CDATA[]]>
              </value>
            </param>
            <param index="4">
              <value>
                <![CDATA[]]>
              </value>
            </param>
            <param index="5">
              <value>
                <![CDATA[]]>
              </value>
            </param>
            <param index="6">
              <value>
                <![CDATA[]]>
              </value>
            </param>
            <param index="7">
              <value>
                <![CDATA[]]>
              </value>
            </param>
            <param index="8">
              <value>
                <![CDATA[]]>
              </value>
            </param>
            <param index="9">
              <value>
                <![CDATA[]]>
              </value>
            </param>
            <param index="10">
              <value>
                <![CDATA[]]>
              </value>
            </param>
          </params>
          <exception class="java.lang.AssertionError">
            <message>
              <![CDATA[expected [https://mobileworld.banyanpro.com/order.html] but found [https://mobileworld.banyanpro.com/index.html]]]>
            </message>
            <full-stacktrace>
              <![CDATA[java.lang.AssertionError: expected [https://mobileworld.banyanpro.com/order.html] but found [https://mobileworld.banyanpro.com/index.html]
at org.testng.Assert.fail(Assert.java:99)
at org.testng.Assert.failNotEquals(Assert.java:1037)
at org.testng.Assert.assertEqualsImpl(Assert.java:140)
at org.testng.Assert.assertEquals(Assert.java:122)
at org.testng.Assert.assertEquals(Assert.java:629)
at org.testng.Assert.assertEquals(Assert.java:639)
at mobile.order.odr2(order.java:52)
at java.base/jdk.internal.reflect.DirectMethodHandleAccessor.invoke(DirectMethodHandleAccessor.java:104)
at java.base/java.lang.reflect.Method.invoke(Method.java:577)
at org.testng.internal.MethodInvocationHelper.invokeMethod(MethodInvocationHelper.java:133)
at org.testng.internal.TestInvoker.invokeMethod(TestInvoker.java:598)
at org.testng.internal.TestInvoker.invokeTestMethod(TestInvoker.java:173)
at org.testng.internal.MethodRunner.runInSequence(MethodRunner.java:46)
at org.testng.internal.TestInvoker$MethodInvocationAgent.invoke(TestInvoker.java:824)
at org.testng.internal.TestInvoker.invokeTestMethods(TestInvoker.java:146)
at org.testng.internal.TestMethodWorker.invokeTestMethods(TestMethodWorker.java:146)
at org.testng.internal.TestMethodWorker.run(TestMethodWorker.java:128)
at java.base/java.util.ArrayList.forEach(ArrayList.java:1511)
at org.testng.TestRunner.privateRun(TestRunner.java:794)
at org.testng.TestRunner.run(TestRunner.java:596)
at org.testng.SuiteRunner.runTest(SuiteRunner.java:377)
at org.testng.SuiteRunner.runSequentially(SuiteRunner.java:371)
at org.testng.SuiteRunner.privateRun(SuiteRunner.java:332)
at org.testng.SuiteRunner.run(SuiteRunner.java:276)
at org.testng.SuiteRunnerWorker.runSuite(SuiteRunnerWorker.java:53)
at org.testng.SuiteRunnerWorker.run(SuiteRunnerWorker.java:96)
at org.testng.TestNG.runSuitesSequentially(TestNG.java:1212)
at org.testng.TestNG.runSuitesLocally(TestNG.java:1134)
at org.testng.TestNG.runSuites(TestNG.java:1063)
at org.testng.TestNG.run(TestNG.java:1031)
at org.testng.remote.AbstractRemoteTestNG.run(AbstractRemoteTestNG.java:115)
at org.testng.remote.RemoteTestNG.initAndRun(RemoteTestNG.java:251)
at org.testng.remote.RemoteTestNG.main(RemoteTestNG.java:77)
]]>
            </full-stacktrace>
          </exception> <!-- java.lang.AssertionError -->
          <reporter-output>
          </reporter-output>
        </test-method> <!-- odr2 -->
        <test-method is-config="true" signature="browserSelection(java.lang.String)[pri:0, instance:mobile.order@478190fc]" started-at="2022-10-17T14:35:41 IST" name="browserSelection" finished-at="2022-10-17T14:35:45 IST" duration-ms="4776" status="PASS">
          <params>
            <param index="0">
              <value>
                <![CDATA[edge]]>
              </value>
            </param>
          </params>
          <reporter-output>
          </reporter-output>
        </test-method> <!-- browserSelection -->
        <test-method signature="odr2(java.lang.String,java.lang.String,java.lang.String,java.lang.String,java.lang.String,java.lang.String,java.lang.String,java.lang.String,java.lang.String,java.lang.String,java.lang.String)[pri:0, instance:mobile.order@478190fc]" started-at="2022-10-17T14:35:45 IST" name="odr2" data-provider="order2" finished-at="2022-10-17T14:35:51 IST" duration-ms="5392" status="FAIL">
          <params>
            <param index="0">
              <value>
                <![CDATA[R]]>
              </value>
            </param>
            <param index="1">
              <value>
                <![CDATA[Raveendran]]>
              </value>
            </param>
            <param index="2">
              <value>
                <![CDATA[bale234@gmail.com]]>
              </value>
            </param>
            <param index="3">
              <value>
                <![CDATA[rrr1234#]]>
              </value>
            </param>
            <param index="4">
              <value>
                <![CDATA[9446698877]]>
              </value>
            </param>
            <param index="5">
              <value>
                <![CDATA[VV house]]>
              </value>
            </param>
            <param index="6">
              <value>
                <![CDATA[Vazhunoradi]]>
              </value>
            </param>
            <param index="7">
              <value>
                <![CDATA[Kanhankad]]>
              </value>
            </param>
            <param index="8">
              <value>
                <![CDATA[671314]]>
              </value>
            </param>
            <param index="9">
              <value>
                <![CDATA[3]]>
              </value>
            </param>
            <param index="10">
              <value>
                <![CDATA[5]]>
              </value>
            </param>
          </params>
          <exception class="java.lang.AssertionError">
            <message>
              <![CDATA[expected [https://mobileworld.banyanpro.com/order.html] but found [https://mobileworld.banyanpro.com/index.html]]]>
            </message>
            <full-stacktrace>
              <![CDATA[java.lang.AssertionError: expected [https://mobileworld.banyanpro.com/order.html] but found [https://mobileworld.banyanpro.com/index.html]
at org.testng.Assert.fail(Assert.java:99)
at org.testng.Assert.failNotEquals(Assert.java:1037)
at org.testng.Assert.assertEqualsImpl(Assert.java:140)
at org.testng.Assert.assertEquals(Assert.java:122)
at org.testng.Assert.assertEquals(Assert.java:629)
at org.testng.Assert.assertEquals(Assert.java:639)
at mobile.order.odr2(order.java:52)
at java.base/jdk.internal.reflect.DirectMethodHandleAccessor.invoke(DirectMethodHandleAccessor.java:104)
at java.base/java.lang.reflect.Method.invoke(Method.java:577)
at org.testng.internal.MethodInvocationHelper.invokeMethod(MethodInvocationHelper.java:133)
at org.testng.internal.TestInvoker.invokeMethod(TestInvoker.java:598)
at org.testng.internal.TestInvoker.invokeTestMethod(TestInvoker.java:173)
at org.testng.internal.MethodRunner.runInSequence(MethodRunner.java:46)
at org.testng.internal.TestInvoker$MethodInvocationAgent.invoke(TestInvoker.java:824)
at org.testng.internal.TestInvoker.invokeTestMethods(TestInvoker.java:146)
at org.testng.internal.TestMethodWorker.invokeTestMethods(TestMethodWorker.java:146)
at org.testng.internal.TestMethodWorker.run(TestMethodWorker.java:128)
at java.base/java.util.ArrayList.forEach(ArrayList.java:1511)
at org.testng.TestRunner.privateRun(TestRunner.java:794)
at org.testng.TestRunner.run(TestRunner.java:596)
at org.testng.SuiteRunner.runTest(SuiteRunner.java:377)
at org.testng.SuiteRunner.runSequentially(SuiteRunner.java:371)
at org.testng.SuiteRunner.privateRun(SuiteRunner.java:332)
at org.testng.SuiteRunner.run(SuiteRunner.java:276)
at org.testng.SuiteRunnerWorker.runSuite(SuiteRunnerWorker.java:53)
at org.testng.SuiteRunnerWorker.run(SuiteRunnerWorker.java:96)
at org.testng.TestNG.runSuitesSequentially(TestNG.java:1212)
at org.testng.TestNG.runSuitesLocally(TestNG.java:1134)
at org.testng.TestNG.runSuites(TestNG.java:1063)
at org.testng.TestNG.run(TestNG.java:1031)
at org.testng.remote.AbstractRemoteTestNG.run(AbstractRemoteTestNG.java:115)
at org.testng.remote.RemoteTestNG.initAndRun(RemoteTestNG.java:251)
at org.testng.remote.RemoteTestNG.main(RemoteTestNG.java:77)
]]>
            </full-stacktrace>
          </exception> <!-- java.lang.AssertionError -->
          <reporter-output>
          </reporter-output>
        </test-method> <!-- odr2 -->
        <test-method is-config="true" signature="browserSelection(java.lang.String)[pri:0, instance:mobile.order@478190fc]" started-at="2022-10-17T14:35:51 IST" name="browserSelection" finished-at="2022-10-17T14:35:55 IST" duration-ms="4584" status="PASS">
          <params>
            <param index="0">
              <value>
                <![CDATA[edge]]>
              </value>
            </param>
          </params>
          <reporter-output>
          </reporter-output>
        </test-method> <!-- browserSelection -->
        <test-method signature="odr2(java.lang.String,java.lang.String,java.lang.String,java.lang.String,java.lang.String,java.lang.String,java.lang.String,java.lang.String,java.lang.String,java.lang.String,java.lang.String)[pri:0, instance:mobile.order@478190fc]" started-at="2022-10-17T14:35:55 IST" name="odr2" data-provider="order2" finished-at="2022-10-17T14:36:02 IST" duration-ms="6575" status="FAIL">
          <params>
            <param index="0">
              <value>
                <![CDATA[Garath]]>
              </value>
            </param>
            <param index="1">
              <value>
                <![CDATA[Ba]]>
              </value>
            </param>
            <param index="2">
              <value>
                <![CDATA[bale007@gmail.com]]>
              </value>
            </param>
            <param index="3">
              <value>
                <![CDATA[rrr000@]]>
              </value>
            </param>
            <param index="4">
              <value>
                <![CDATA[7777777777]]>
              </value>
            </param>
            <param index="5">
              <value>
                <![CDATA[VV HOUSE]]>
              </value>
            </param>
            <param index="6">
              <value>
                <![CDATA[Vazhunoradi]]>
              </value>
            </param>
            <param index="7">
              <value>
                <![CDATA[Kanhangad]]>
              </value>
            </param>
            <param index="8">
              <value>
                <![CDATA[671314]]>
              </value>
            </param>
            <param index="9">
              <value>
                <![CDATA[2]]>
              </value>
            </param>
            <param index="10">
              <value>
                <![CDATA[5]]>
              </value>
            </param>
          </params>
          <exception class="java.lang.AssertionError">
            <message>
              <![CDATA[expected [https://mobileworld.banyanpro.com/order.html] but found [https://mobileworld.banyanpro.com/index.html]]]>
            </message>
            <full-stacktrace>
              <![CDATA[java.lang.AssertionError: expected [https://mobileworld.banyanpro.com/order.html] but found [https://mobileworld.banyanpro.com/index.html]
at org.testng.Assert.fail(Assert.java:99)
at org.testng.Assert.failNotEquals(Assert.java:1037)
at org.testng.Assert.assertEqualsImpl(Assert.java:140)
at org.testng.Assert.assertEquals(Assert.java:122)
at org.testng.Assert.assertEquals(Assert.java:629)
at org.testng.Assert.assertEquals(Assert.java:639)
at mobile.order.odr2(order.java:52)
at java.base/jdk.internal.reflect.DirectMethodHandleAccessor.invoke(DirectMethodHandleAccessor.java:104)
at java.base/java.lang.reflect.Method.invoke(Method.java:577)
at org.testng.internal.MethodInvocationHelper.invokeMethod(MethodInvocationHelper.java:133)
at org.testng.internal.TestInvoker.invokeMethod(TestInvoker.java:598)
at org.testng.internal.TestInvoker.invokeTestMethod(TestInvoker.java:173)
at org.testng.internal.MethodRunner.runInSequence(MethodRunner.java:46)
at org.testng.internal.TestInvoker$MethodInvocationAgent.invoke(TestInvoker.java:824)
at org.testng.internal.TestInvoker.invokeTestMethods(TestInvoker.java:146)
at org.testng.internal.TestMethodWorker.invokeTestMethods(TestMethodWorker.java:146)
at org.testng.internal.TestMethodWorker.run(TestMethodWorker.java:128)
at java.base/java.util.ArrayList.forEach(ArrayList.java:1511)
at org.testng.TestRunner.privateRun(TestRunner.java:794)
at org.testng.TestRunner.run(TestRunner.java:596)
at org.testng.SuiteRunner.runTest(SuiteRunner.java:377)
at org.testng.SuiteRunner.runSequentially(SuiteRunner.java:371)
at org.testng.SuiteRunner.privateRun(SuiteRunner.java:332)
at org.testng.SuiteRunner.run(SuiteRunner.java:276)
at org.testng.SuiteRunnerWorker.runSuite(SuiteRunnerWorker.java:53)
at org.testng.SuiteRunnerWorker.run(SuiteRunnerWorker.java:96)
at org.testng.TestNG.runSuitesSequentially(TestNG.java:1212)
at org.testng.TestNG.runSuitesLocally(TestNG.java:1134)
at org.testng.TestNG.runSuites(TestNG.java:1063)
at org.testng.TestNG.run(TestNG.java:1031)
at org.testng.remote.AbstractRemoteTestNG.run(AbstractRemoteTestNG.java:115)
at org.testng.remote.RemoteTestNG.initAndRun(RemoteTestNG.java:251)
at org.testng.remote.RemoteTestNG.main(RemoteTestNG.java:77)
]]>
            </full-stacktrace>
          </exception> <!-- java.lang.AssertionError -->
          <reporter-output>
          </reporter-output>
        </test-method> <!-- odr2 -->
        <test-method is-config="true" signature="browserSelection(java.lang.String)[pri:0, instance:mobile.order@478190fc]" started-at="2022-10-17T14:36:02 IST" name="browserSelection" finished-at="2022-10-17T14:36:07 IST" duration-ms="4767" status="PASS">
          <params>
            <param index="0">
              <value>
                <![CDATA[edge]]>
              </value>
            </param>
          </params>
          <reporter-output>
          </reporter-output>
        </test-method> <!-- browserSelection -->
        <test-method signature="odr2(java.lang.String,java.lang.String,java.lang.String,java.lang.String,java.lang.String,java.lang.String,java.lang.String,java.lang.String,java.lang.String,java.lang.String,java.lang.String)[pri:0, instance:mobile.order@478190fc]" started-at="2022-10-17T14:36:07 IST" name="odr2" data-provider="order2" finished-at="2022-10-17T14:36:13 IST" duration-ms="6262" status="FAIL">
          <params>
            <param index="0">
              <value>
                <![CDATA[Garath]]>
              </value>
            </param>
            <param index="1">
              <value>
                <![CDATA[Bale]]>
              </value>
            </param>
            <param index="2">
              <value>
                <![CDATA[bale007gmail.com]]>
              </value>
            </param>
            <param index="3">
              <value>
                <![CDATA[rrr000@]]>
              </value>
            </param>
            <param index="4">
              <value>
                <![CDATA[7777777777]]>
              </value>
            </param>
            <param index="5">
              <value>
                <![CDATA[VV HOUSE]]>
              </value>
            </param>
            <param index="6">
              <value>
                <![CDATA[Vazhunoradi]]>
              </value>
            </param>
            <param index="7">
              <value>
                <![CDATA[Kanhangad]]>
              </value>
            </param>
            <param index="8">
              <value>
                <![CDATA[671314]]>
              </value>
            </param>
            <param index="9">
              <value>
                <![CDATA[2]]>
              </value>
            </param>
            <param index="10">
              <value>
                <![CDATA[5]]>
              </value>
            </param>
          </params>
          <exception class="java.lang.AssertionError">
            <message>
              <![CDATA[expected [https://mobileworld.banyanpro.com/order.html] but found [https://mobileworld.banyanpro.com/index.html]]]>
            </message>
            <full-stacktrace>
              <![CDATA[java.lang.AssertionError: expected [https://mobileworld.banyanpro.com/order.html] but found [https://mobileworld.banyanpro.com/index.html]
at org.testng.Assert.fail(Assert.java:99)
at org.testng.Assert.failNotEquals(Assert.java:1037)
at org.testng.Assert.assertEqualsImpl(Assert.java:140)
at org.testng.Assert.assertEquals(Assert.java:122)
at org.testng.Assert.assertEquals(Assert.java:629)
at org.testng.Assert.assertEquals(Assert.java:639)
at mobile.order.odr2(order.java:52)
at java.base/jdk.internal.reflect.DirectMethodHandleAccessor.invoke(DirectMethodHandleAccessor.java:104)
at java.base/java.lang.reflect.Method.invoke(Method.java:577)
at org.testng.internal.MethodInvocationHelper.invokeMethod(MethodInvocationHelper.java:133)
at org.testng.internal.TestInvoker.invokeMethod(TestInvoker.java:598)
at org.testng.internal.TestInvoker.invokeTestMethod(TestInvoker.java:173)
at org.testng.internal.MethodRunner.runInSequence(MethodRunner.java:46)
at org.testng.internal.TestInvoker$MethodInvocationAgent.invoke(TestInvoker.java:824)
at org.testng.internal.TestInvoker.invokeTestMethods(TestInvoker.java:146)
at org.testng.internal.TestMethodWorker.invokeTestMethods(TestMethodWorker.java:146)
at org.testng.internal.TestMethodWorker.run(TestMethodWorker.java:128)
at java.base/java.util.ArrayList.forEach(ArrayList.java:1511)
at org.testng.TestRunner.privateRun(TestRunner.java:794)
at org.testng.TestRunner.run(TestRunner.java:596)
at org.testng.SuiteRunner.runTest(SuiteRunner.java:377)
at org.testng.SuiteRunner.runSequentially(SuiteRunner.java:371)
at org.testng.SuiteRunner.privateRun(SuiteRunner.java:332)
at org.testng.SuiteRunner.run(SuiteRunner.java:276)
at org.testng.SuiteRunnerWorker.runSuite(SuiteRunnerWorker.java:53)
at org.testng.SuiteRunnerWorker.run(SuiteRunnerWorker.java:96)
at org.testng.TestNG.runSuitesSequentially(TestNG.java:1212)
at org.testng.TestNG.runSuitesLocally(TestNG.java:1134)
at org.testng.TestNG.runSuites(TestNG.java:1063)
at org.testng.TestNG.run(TestNG.java:1031)
at org.testng.remote.AbstractRemoteTestNG.run(AbstractRemoteTestNG.java:115)
at org.testng.remote.RemoteTestNG.initAndRun(RemoteTestNG.java:251)
at org.testng.remote.RemoteTestNG.main(RemoteTestNG.java:77)
]]>
            </full-stacktrace>
          </exception> <!-- java.lang.AssertionError -->
          <reporter-output>
          </reporter-output>
        </test-method> <!-- odr2 -->
        <test-method is-config="true" signature="browserSelection(java.lang.String)[pri:0, instance:mobile.order@478190fc]" started-at="2022-10-17T14:36:13 IST" name="browserSelection" finished-at="2022-10-17T14:36:18 IST" duration-ms="4894" status="PASS">
          <params>
            <param index="0">
              <value>
                <![CDATA[edge]]>
              </value>
            </param>
          </params>
          <reporter-output>
          </reporter-output>
        </test-method> <!-- browserSelection -->
        <test-method signature="odr2(java.lang.String,java.lang.String,java.lang.String,java.lang.String,java.lang.String,java.lang.String,java.lang.String,java.lang.String,java.lang.String,java.lang.String,java.lang.String)[pri:0, instance:mobile.order@478190fc]" started-at="2022-10-17T14:36:18 IST" name="odr2" data-provider="order2" finished-at="2022-10-17T14:36:24 IST" duration-ms="6127" status="FAIL">
          <params>
            <param index="0">
              <value>
                <![CDATA[Garath]]>
              </value>
            </param>
            <param index="1">
              <value>
                <![CDATA[Bale]]>
              </value>
            </param>
            <param index="2">
              <value>
                <![CDATA[bale007@gmail.com]]>
              </value>
            </param>
            <param index="3">
              <value>
                <![CDATA[rr]]>
              </value>
            </param>
            <param index="4">
              <value>
                <![CDATA[7777777777]]>
              </value>
            </param>
            <param index="5">
              <value>
                <![CDATA[VV HOUSE]]>
              </value>
            </param>
            <param index="6">
              <value>
                <![CDATA[Vazhunoradi]]>
              </value>
            </param>
            <param index="7">
              <value>
                <![CDATA[Kanhangad]]>
              </value>
            </param>
            <param index="8">
              <value>
                <![CDATA[671314]]>
              </value>
            </param>
            <param index="9">
              <value>
                <![CDATA[2]]>
              </value>
            </param>
            <param index="10">
              <value>
                <![CDATA[5]]>
              </value>
            </param>
          </params>
          <exception class="java.lang.AssertionError">
            <message>
              <![CDATA[expected [https://mobileworld.banyanpro.com/order.html] but found [https://mobileworld.banyanpro.com/index.html]]]>
            </message>
            <full-stacktrace>
              <![CDATA[java.lang.AssertionError: expected [https://mobileworld.banyanpro.com/order.html] but found [https://mobileworld.banyanpro.com/index.html]
at org.testng.Assert.fail(Assert.java:99)
at org.testng.Assert.failNotEquals(Assert.java:1037)
at org.testng.Assert.assertEqualsImpl(Assert.java:140)
at org.testng.Assert.assertEquals(Assert.java:122)
at org.testng.Assert.assertEquals(Assert.java:629)
at org.testng.Assert.assertEquals(Assert.java:639)
at mobile.order.odr2(order.java:52)
at java.base/jdk.internal.reflect.DirectMethodHandleAccessor.invoke(DirectMethodHandleAccessor.java:104)
at java.base/java.lang.reflect.Method.invoke(Method.java:577)
at org.testng.internal.MethodInvocationHelper.invokeMethod(MethodInvocationHelper.java:133)
at org.testng.internal.TestInvoker.invokeMethod(TestInvoker.java:598)
at org.testng.internal.TestInvoker.invokeTestMethod(TestInvoker.java:173)
at org.testng.internal.MethodRunner.runInSequence(MethodRunner.java:46)
at org.testng.internal.TestInvoker$MethodInvocationAgent.invoke(TestInvoker.java:824)
at org.testng.internal.TestInvoker.invokeTestMethods(TestInvoker.java:146)
at org.testng.internal.TestMethodWorker.invokeTestMethods(TestMethodWorker.java:146)
at org.testng.internal.TestMethodWorker.run(TestMethodWorker.java:128)
at java.base/java.util.ArrayList.forEach(ArrayList.java:1511)
at org.testng.TestRunner.privateRun(TestRunner.java:794)
at org.testng.TestRunner.run(TestRunner.java:596)
at org.testng.SuiteRunner.runTest(SuiteRunner.java:377)
at org.testng.SuiteRunner.runSequentially(SuiteRunner.java:371)
at org.testng.SuiteRunner.privateRun(SuiteRunner.java:332)
at org.testng.SuiteRunner.run(SuiteRunner.java:276)
at org.testng.SuiteRunnerWorker.runSuite(SuiteRunnerWorker.java:53)
at org.testng.SuiteRunnerWorker.run(SuiteRunnerWorker.java:96)
at org.testng.TestNG.runSuitesSequentially(TestNG.java:1212)
at org.testng.TestNG.runSuitesLocally(TestNG.java:1134)
at org.testng.TestNG.runSuites(TestNG.java:1063)
at org.testng.TestNG.run(TestNG.java:1031)
at org.testng.remote.AbstractRemoteTestNG.run(AbstractRemoteTestNG.java:115)
at org.testng.remote.RemoteTestNG.initAndRun(RemoteTestNG.java:251)
at org.testng.remote.RemoteTestNG.main(RemoteTestNG.java:77)
]]>
            </full-stacktrace>
          </exception> <!-- java.lang.AssertionError -->
          <reporter-output>
          </reporter-output>
        </test-method> <!-- odr2 -->
      </class> <!-- mobile.order -->
    </test> <!-- Test1 -->
  </suite> <!-- Suite -->
</testng-results>
